<?xml version="1.0" encoding="UTF-8"?>
<coverage generated="1569779556722" clover="3.2.0">
  <project timestamp="1569779556723" name="All files">
    <metrics statements="9" coveredstatements="9" conditionals="3" coveredconditionals="2" methods="4" coveredmethods="4" elements="16" coveredelements="15" complexity="0" loc="9" ncloc="9" packages="1" files="1" classes="1"/>
    <file name="index.ts" path="/home/me/public_html/moleculer-tracingBrokerCalls/index.ts">
      <metrics statements="9" coveredstatements="9" conditionals="3" coveredconditionals="2" methods="4" coveredmethods="4"/>
      <line num="3" count="1" type="cond" truecount="0" falsecount="1"/>
      <line num="4" count="1" type="stmt"/>
      <line num="5" count="1" type="stmt"/>
      <line num="7" count="2" type="stmt"/>
      <line num="8" count="1" type="stmt"/>
      <line num="9" count="1" type="cond" truecount="2" falsecount="0"/>
      <line num="10" count="1" type="stmt"/>
      <line num="11" count="1" type="stmt"/>
      <line num="13" count="1" type="stmt"/>
    </file>
  </project>
</coverage>
