{"/home/me/public_html/moleculer-tracingBrokerCalls/index.js": {"path":"/home/me/public_html/moleculer-tracingBrokerCalls/index.js","statementMap":{"0":{"start":{"line":1,"column":0},"end":{"line":16,"column":1}},"1":{"start":{"line":2,"column":1},"end":{"line":2,"column":43}},"2":{"start":{"line":3,"column":1},"end":{"line":15,"column":2}},"3":{"start":{"line":5,"column":3},"end":{"line":13,"column":5}},"4":{"start":{"line":6,"column":17},"end":{"line":6,"column":77}},"5":{"start":{"line":7,"column":4},"end":{"line":7,"column":22}},"6":{"start":{"line":8,"column":4},"end":{"line":8,"column":27}},"7":{"start":{"line":9,"column":4},"end":{"line":12,"column":7}},"8":{"start":{"line":11,"column":6},"end":{"line":11,"column":20}}},"fnMap":{"0":{"name":"tracingBrokerCalls","decl":{"start":{"line":1,"column":26},"end":{"line":1,"column":44}},"loc":{"start":{"line":1,"column":63},"end":{"line":16,"column":1}},"line":1},"1":{"name":"(anonymous_1)","decl":{"start":{"line":4,"column":2},"end":{"line":4,"column":3}},"loc":{"start":{"line":4,"column":13},"end":{"line":14,"column":3}},"line":4},"2":{"name":"(anonymous_2)","decl":{"start":{"line":5,"column":10},"end":{"line":5,"column":11}},"loc":{"start":{"line":5,"column":45},"end":{"line":13,"column":4}},"line":5},"3":{"name":"(anonymous_3)","decl":{"start":{"line":10,"column":14},"end":{"line":10,"column":15}},"loc":{"start":{"line":10,"column":18},"end":{"line":12,"column":5}},"line":10}},"branchMap":{"0":{"loc":{"start":{"line":1,"column":45},"end":{"line":1,"column":62}},"type":"default-arg","locations":[{"start":{"line":1,"column":50},"end":{"line":1,"column":62}}],"line":1},"1":{"loc":{"start":{"line":7,"column":11},"end":{"line":7,"column":21}},"type":"binary-expr","locations":[{"start":{"line":7,"column":11},"end":{"line":7,"column":15}},{"start":{"line":7,"column":19},"end":{"line":7,"column":21}}],"line":7}},"s":{"0":1,"1":1,"2":1,"3":2,"4":1,"5":1,"6":1,"7":1,"8":1},"f":{"0":1,"1":2,"2":1,"3":1},"b":{"0":[0],"1":[1,1]},"_coverageSchema":"43e27e138ebf9cfc5966b082cf9a028302ed4184","hash":"cbf393554dd99fa166f057a744972a8391720eb5"}
}
