{"/home/me/public_html/moleculer-tracingBrokerCalls/index.ts": {"path":"/home/me/public_html/moleculer-tracingBrokerCalls/index.ts","statementMap":{"0":{"start":{"line":3,"column":0},"end":{"line":18,"column":2}},"1":{"start":{"line":4,"column":22},"end":{"line":4,"column":49}},"2":{"start":{"line":5,"column":4},"end":{"line":17,"column":null}},"3":{"start":{"line":7,"column":12},"end":{"line":15,"column":14}},"4":{"start":{"line":8,"column":34},"end":{"line":8,"column":94}},"5":{"start":{"line":9,"column":16},"end":{"line":9,"column":34}},"6":{"start":{"line":10,"column":16},"end":{"line":10,"column":39}},"7":{"start":{"line":11,"column":16},"end":{"line":14,"column":23}},"8":{"start":{"line":13,"column":24},"end":{"line":13,"column":38}}},"fnMap":{"0":{"name":"tracingBrokerCalls","decl":{"start":{"line":3,"column":26},"end":{"line":3,"column":44}},"loc":{"start":{"line":3,"column":72},"end":{"line":18,"column":1}}},"1":{"name":"(anonymous_1)","decl":{"start":{"line":6,"column":8},"end":{"line":6,"column":12}},"loc":{"start":{"line":6,"column":22},"end":{"line":16,"column":9}}},"2":{"name":"(anonymous_2)","decl":{"start":{"line":7,"column":19},"end":{"line":7,"column":50}},"loc":{"start":{"line":7,"column":92},"end":{"line":15,"column":13}}},"3":{"name":"(anonymous_3)","decl":{"start":{"line":12,"column":29},"end":{"line":12,"column":32}},"loc":{"start":{"line":12,"column":34},"end":{"line":14,"column":21}}}},"branchMap":{"0":{"loc":{"start":{"line":3,"column":60},"end":{"line":3,"column":72}},"type":"default-arg","locations":[{"start":{"line":3,"column":60},"end":{"line":3,"column":72}}]},"1":{"loc":{"start":{"line":9,"column":23},"end":{"line":9,"column":27}},"type":"binary-expr","locations":[{"start":{"line":9,"column":23},"end":{"line":9,"column":27}},{"start":{"line":9,"column":31},"end":{"line":9,"column":33}}]}},"s":{"0":1,"1":1,"2":1,"3":2,"4":1,"5":1,"6":1,"7":1,"8":1},"f":{"0":1,"1":2,"2":1,"3":1},"b":{"0":[0],"1":[1,1]}}
}
